Using pre-set license
Built from '2020.3/staging' branch; Version is '2020.3.4f1 (0abb6314276a) revision 703331'; Using compiler version '192528614'; Build Type 'Release'
OS: 'Windows 10 Home; OS build 19042.928; Version 2009; 64bit' Language: 'en' Physical Memory: 7105 MB
BatchMode: 1, IsHumanControllingUs: 0, StartBugReporterOnCrash: 0, Is64bit: 1, IsPro: 0

 COMMAND LINE ARGUMENTS:
C:\Program Files\Unity\Hub\Editor\2020.3.4f1\Editor\Unity.exe
-adb2
-batchMode
-noUpm
-name
AssetImportWorker0
-projectPath
C:/Users/Lowe Family/Desktop/Richie/CODER's DELIGHT/Repositories/Pong-Wah/REAL Wah-Pong
-logFile
Logs/AssetImportWorker0.log
-srvPort
64349
Successfully changed project path to: C:/Users/Lowe Family/Desktop/Richie/CODER's DELIGHT/Repositories/Pong-Wah/REAL Wah-Pong
C:/Users/Lowe Family/Desktop/Richie/CODER's DELIGHT/Repositories/Pong-Wah/REAL Wah-Pong
Using Asset Import Pipeline V2.
Refreshing native plugins compatible for Editor in 268.26 ms, found 1 plugins.
Preloading 0 native plugins for Editor in 0.00 ms.
Initialize engine version: 2020.3.4f1 (0abb6314276a)
[Subsystems] Discovering subsystems at path C:/Program Files/Unity/Hub/Editor/2020.3.4f1/Editor/Data/Resources/UnitySubsystems
[Subsystems] Discovering subsystems at path C:/Users/Lowe Family/Desktop/Richie/CODER's DELIGHT/Repositories/Pong-Wah/REAL Wah-Pong/Assets
GfxDevice: creating device client; threaded=0
Direct3D:
    Version:  Direct3D 11.0 [level 11.1]
    Renderer: AMD Radeon(TM) R5 Graphics (ID=0x9851)
    Vendor:   
    VRAM:     3552 MB
    Driver:   23.20.15016.15
Initialize mono
Mono path[0] = 'C:/Program Files/Unity/Hub/Editor/2020.3.4f1/Editor/Data/Managed'
Mono path[1] = 'C:/Program Files/Unity/Hub/Editor/2020.3.4f1/Editor/Data/MonoBleedingEdge/lib/mono/unityjit'
Mono config path = 'C:/Program Files/Unity/Hub/Editor/2020.3.4f1/Editor/Data/MonoBleedingEdge/etc'
Using monoOptions --debugger-agent=transport=dt_socket,embedding=1,server=y,suspend=n,address=127.0.0.1:56424
Begin MonoManager ReloadAssembly
Registering precompiled unity dll's ...
Register platform support module: C:/Program Files/Unity/Hub/Editor/2020.3.4f1/Editor/Data/PlaybackEngines/WindowsStandaloneSupport/UnityEditor.WindowsStandalone.Extensions.dll
Registered in 0.007989 seconds.
Native extension for WindowsStandalone target not found
Refreshing native plugins compatible for Editor in 197.53 ms, found 1 plugins.
Preloading 0 native plugins for Editor in 0.00 ms.
Mono: successfully reloaded assembly
- Completed reload, in  3.815 seconds
Platform modules already initialized, skipping
Registering precompiled user dll's ...
Registered in 0.003613 seconds.
Begin MonoManager ReloadAssembly
Native extension for WindowsStandalone target not found
Refreshing native plugins compatible for Editor in 140.60 ms, found 1 plugins.
Preloading 0 native plugins for Editor in 0.00 ms.
Mono: successfully reloaded assembly
- Completed reload, in  4.448 seconds
Platform modules already initialized, skipping
========================================================================
Worker process is ready to serve import requests
Launched and connected shader compiler UnityShaderCompiler.exe after 0.15 seconds
Refreshing native plugins compatible for Editor in 3.99 ms, found 1 plugins.
Preloading 0 native plugins for Editor in 0.00 ms.
Unloading 1808 Unused Serialized files (Serialized files now loaded: 0)
System memory in use before: 85.6 MB.
System memory in use after: 85.5 MB.

Unloading 24 unused Assets to reduce memory usage. Loaded Objects now: 2251.
Total: 31.764000 ms (FindLiveObjects: 1.203100 ms CreateObjectMapping: 0.449300 ms MarkObjects: 29.510500 ms  DeleteObjects: 0.594900 ms)

========================================================================
Received Import Request.
  path: Assets/Main Menu.unity
  artifactKey: Guid(1686faef5ea33dd428eaf92d31951e5a) Importer(815301076,1909f56bfc062723c751e8b465ee728b)
Start importing Assets/Main Menu.unity using Guid(1686faef5ea33dd428eaf92d31951e5a) Importer(815301076,1909f56bfc062723c751e8b465ee728b)  -> (artifact id: 'a96ba663396686a411ceb08ad26da220') in 0.100871 seconds
  Import took 0.110645 seconds .

========================================================================
Received Prepare
Registering precompiled user dll's ...
Registered in 0.005166 seconds.
Begin MonoManager ReloadAssembly
Native extension for WindowsStandalone target not found
Refreshing native plugins compatible for Editor in 3.18 ms, found 1 plugins.
Preloading 0 native plugins for Editor in 0.00 ms.
Mono: successfully reloaded assembly
- Completed reload, in 40.697 seconds
Platform modules already initialized, skipping
Refreshing native plugins compatible for Editor in 1.06 ms, found 1 plugins.
Preloading 0 native plugins for Editor in 0.00 ms.
Unloading 1803 Unused Serialized files (Serialized files now loaded: 0)
System memory in use before: 85.6 MB.
System memory in use after: 85.5 MB.

Unloading 12 unused Assets to reduce memory usage. Loaded Objects now: 2255.
Total: 8.646500 ms (FindLiveObjects: 0.793500 ms CreateObjectMapping: 0.431600 ms MarkObjects: 7.090900 ms  DeleteObjects: 0.325500 ms)

========================================================================
Received Prepare
Registering precompiled user dll's ...
Registered in 0.003164 seconds.
Begin MonoManager ReloadAssembly
Native extension for WindowsStandalone target not found
Refreshing native plugins compatible for Editor in 1.15 ms, found 1 plugins.
Preloading 0 native plugins for Editor in 0.00 ms.
Mono: successfully reloaded assembly
- Completed reload, in  3.093 seconds
Platform modules already initialized, skipping
Refreshing native plugins compatible for Editor in 1.34 ms, found 1 plugins.
Preloading 0 native plugins for Editor in 0.00 ms.
Unloading 1803 Unused Serialized files (Serialized files now loaded: 0)
System memory in use before: 85.6 MB.
System memory in use after: 85.6 MB.

Unloading 12 unused Assets to reduce memory usage. Loaded Objects now: 2259.
Total: 6.357600 ms (FindLiveObjects: 0.689500 ms CreateObjectMapping: 0.159900 ms MarkObjects: 5.170300 ms  DeleteObjects: 0.333400 ms)

========================================================================
Received Prepare
Registering precompiled user dll's ...
Registered in 0.004081 seconds.
Begin MonoManager ReloadAssembly
Native extension for WindowsStandalone target not found
Refreshing native plugins compatible for Editor in 1.17 ms, found 1 plugins.
Preloading 0 native plugins for Editor in 0.00 ms.
Mono: successfully reloaded assembly
- Completed reload, in  2.842 seconds
Platform modules already initialized, skipping
Refreshing native plugins compatible for Editor in 1.13 ms, found 1 plugins.
Preloading 0 native plugins for Editor in 0.00 ms.
Unloading 1803 Unused Serialized files (Serialized files now loaded: 0)
System memory in use before: 85.6 MB.
System memory in use after: 85.6 MB.

Unloading 12 unused Assets to reduce memory usage. Loaded Objects now: 2263.
Total: 6.053000 ms (FindLiveObjects: 0.646200 ms CreateObjectMapping: 0.133600 ms MarkObjects: 4.963800 ms  DeleteObjects: 0.305100 ms)

========================================================================
Received Import Request.
  Time since last request: 2197.762675 seconds.
  path: Assets/Play Button.cs
  artifactKey: Guid(091d88e193b2bf7408517281db51964b) Importer(815301076,1909f56bfc062723c751e8b465ee728b)
Start importing Assets/Play Button.cs using Guid(091d88e193b2bf7408517281db51964b) Importer(815301076,1909f56bfc062723c751e8b465ee728b)  -> (artifact id: '7769028bd8eb3ef1d1b30e672a59cd96') in 0.340792 seconds
  Import took 0.351583 seconds .

========================================================================
Received Import Request.
  Time since last request: 0.164241 seconds.
  path: Assets/Play Button.cs
  artifactKey: Guid(091d88e193b2bf7408517281db51964b) Importer(815301076,1909f56bfc062723c751e8b465ee728b)
Start importing Assets/Play Button.cs using Guid(091d88e193b2bf7408517281db51964b) Importer(815301076,1909f56bfc062723c751e8b465ee728b)  -> (artifact id: '7769028bd8eb3ef1d1b30e672a59cd96') in 0.061988 seconds
  Import took 0.398041 seconds .

========================================================================
Received Prepare
Registering precompiled user dll's ...
Registered in 0.004850 seconds.
Begin MonoManager ReloadAssembly
Native extension for WindowsStandalone target not found
Refreshing native plugins compatible for Editor in 1.14 ms, found 1 plugins.
Preloading 0 native plugins for Editor in 0.00 ms.
Mono: successfully reloaded assembly
- Completed reload, in  3.969 seconds
Platform modules already initialized, skipping
Refreshing native plugins compatible for Editor in 1.22 ms, found 1 plugins.
Preloading 0 native plugins for Editor in 0.00 ms.
Unloading 1804 Unused Serialized files (Serialized files now loaded: 0)
System memory in use before: 85.7 MB.
System memory in use after: 85.6 MB.

Unloading 12 unused Assets to reduce memory usage. Loaded Objects now: 2268.
Total: 7.759900 ms (FindLiveObjects: 1.033600 ms CreateObjectMapping: 0.296400 ms MarkObjects: 5.802200 ms  DeleteObjects: 0.623500 ms)

========================================================================
Received Prepare
Registering precompiled user dll's ...
Registered in 0.004677 seconds.
Begin MonoManager ReloadAssembly
Native extension for WindowsStandalone target not found
Refreshing native plugins compatible for Editor in 1.16 ms, found 1 plugins.
Preloading 0 native plugins for Editor in 0.00 ms.
Mono: successfully reloaded assembly
- Completed reload, in  3.858 seconds
Platform modules already initialized, skipping
Refreshing native plugins compatible for Editor in 1.12 ms, found 1 plugins.
Preloading 0 native plugins for Editor in 0.00 ms.
Unloading 1804 Unused Serialized files (Serialized files now loaded: 0)
System memory in use before: 85.7 MB.
System memory in use after: 85.7 MB.

Unloading 12 unused Assets to reduce memory usage. Loaded Objects now: 2272.
Total: 6.855700 ms (FindLiveObjects: 0.678700 ms CreateObjectMapping: 0.138800 ms MarkObjects: 5.663000 ms  DeleteObjects: 0.370400 ms)

========================================================================
Received Prepare
Registering precompiled user dll's ...
Registered in 0.012747 seconds.
Begin MonoManager ReloadAssembly
Native extension for WindowsStandalone target not found
Refreshing native plugins compatible for Editor in 1.66 ms, found 1 plugins.
Preloading 0 native plugins for Editor in 0.00 ms.
Mono: successfully reloaded assembly
- Completed reload, in  3.934 seconds
Platform modules already initialized, skipping
Refreshing native plugins compatible for Editor in 1.14 ms, found 1 plugins.
Preloading 0 native plugins for Editor in 0.00 ms.
Unloading 1804 Unused Serialized files (Serialized files now loaded: 0)
System memory in use before: 85.7 MB.
System memory in use after: 85.7 MB.

Unloading 12 unused Assets to reduce memory usage. Loaded Objects now: 2276.
Total: 21.150800 ms (FindLiveObjects: 5.931500 ms CreateObjectMapping: 0.637300 ms MarkObjects: 14.048900 ms  DeleteObjects: 0.526100 ms)

========================================================================
Received Import Request.
  Time since last request: 2341.821534 seconds.
  path: Assets/Scripts/Play Button.cs
  artifactKey: Guid(091d88e193b2bf7408517281db51964b) Importer(815301076,1909f56bfc062723c751e8b465ee728b)
Start importing Assets/Scripts/Play Button.cs using Guid(091d88e193b2bf7408517281db51964b) Importer(815301076,1909f56bfc062723c751e8b465ee728b)  -> (artifact id: '5cb0633c4cdeb790c59e67d4519714d2') in 0.045574 seconds
  Import took 0.110761 seconds .

========================================================================
Received Import Request.
  Time since last request: 0.038749 seconds.
  path: Assets/Scripts/Play Button.cs
  artifactKey: Guid(091d88e193b2bf7408517281db51964b) Importer(815301076,1909f56bfc062723c751e8b465ee728b)
Start importing Assets/Scripts/Play Button.cs using Guid(091d88e193b2bf7408517281db51964b) Importer(815301076,1909f56bfc062723c751e8b465ee728b)  -> (artifact id: '5cb0633c4cdeb790c59e67d4519714d2') in 0.061891 seconds
  Import took 0.094690 seconds .

========================================================================
Received Import Request.
  Time since last request: 76.668344 seconds.
  path: Assets/Black.mat
  artifactKey: Guid(17914e92607fc0c46a7ff191a36ee148) Importer(815301076,1909f56bfc062723c751e8b465ee728b)
Start importing Assets/Black.mat using Guid(17914e92607fc0c46a7ff191a36ee148) Importer(815301076,1909f56bfc062723c751e8b465ee728b)  -> (artifact id: 'fd7e0b26672a7b11e5a33a18d3782b26') in 0.702392 seconds
  Import took 0.759795 seconds .

========================================================================
Received Prepare
Registering precompiled user dll's ...
Registered in 0.023626 seconds.
Begin MonoManager ReloadAssembly
Native extension for WindowsStandalone target not found
Refreshing native plugins compatible for Editor in 1.33 ms, found 1 plugins.
Preloading 0 native plugins for Editor in 0.00 ms.
Mono: successfully reloaded assembly
- Completed reload, in  6.769 seconds
Platform modules already initialized, skipping
Refreshing native plugins compatible for Editor in 1.13 ms, found 1 plugins.
Preloading 0 native plugins for Editor in 0.00 ms.
Unloading 1804 Unused Serialized files (Serialized files now loaded: 0)
System memory in use before: 89.0 MB.
System memory in use after: 89.0 MB.

Unloading 12 unused Assets to reduce memory usage. Loaded Objects now: 2320.
Total: 6.950200 ms (FindLiveObjects: 0.691900 ms CreateObjectMapping: 0.152100 ms MarkObjects: 5.743100 ms  DeleteObjects: 0.357100 ms)

========================================================================
Received Prepare
Registering precompiled user dll's ...
Registered in 0.040500 seconds.
Begin MonoManager ReloadAssembly
Native extension for WindowsStandalone target not found
Refreshing native plugins compatible for Editor in 1.09 ms, found 1 plugins.
Preloading 0 native plugins for Editor in 0.00 ms.
Mono: successfully reloaded assembly
- Completed reload, in  5.402 seconds
Platform modules already initialized, skipping
Refreshing native plugins compatible for Editor in 3.00 ms, found 1 plugins.
Preloading 0 native plugins for Editor in 0.00 ms.
Unloading 1804 Unused Serialized files (Serialized files now loaded: 0)
System memory in use before: 89.0 MB.
System memory in use after: 89.0 MB.

Unloading 12 unused Assets to reduce memory usage. Loaded Objects now: 2324.
Total: 10.663700 ms (FindLiveObjects: 0.868400 ms CreateObjectMapping: 0.254800 ms MarkObjects: 9.195700 ms  DeleteObjects: 0.337500 ms)

========================================================================
Received Prepare
Registering precompiled user dll's ...
Registered in 0.007480 seconds.
Begin MonoManager ReloadAssembly
Native extension for WindowsStandalone target not found
Refreshing native plugins compatible for Editor in 1.17 ms, found 1 plugins.
Preloading 0 native plugins for Editor in 0.00 ms.
Mono: successfully reloaded assembly
- Completed reload, in  5.956 seconds
Platform modules already initialized, skipping
Refreshing native plugins compatible for Editor in 1.05 ms, found 1 plugins.
Preloading 0 native plugins for Editor in 0.00 ms.
Unloading 1804 Unused Serialized files (Serialized files now loaded: 0)
System memory in use before: 89.0 MB.
System memory in use after: 89.0 MB.

Unloading 12 unused Assets to reduce memory usage. Loaded Objects now: 2328.
Total: 7.613300 ms (FindLiveObjects: 0.738200 ms CreateObjectMapping: 0.168000 ms MarkObjects: 6.395900 ms  DeleteObjects: 0.305200 ms)

========================================================================
Received Import Request.
  Time since last request: 3585.006781 seconds.
  path: Assets/Scripts/PlayButton.cs
  artifactKey: Guid(091d88e193b2bf7408517281db51964b) Importer(815301076,1909f56bfc062723c751e8b465ee728b)
Start importing Assets/Scripts/PlayButton.cs using Guid(091d88e193b2bf7408517281db51964b) Importer(815301076,1909f56bfc062723c751e8b465ee728b)  -> (artifact id: '5aaf27e4f5a00c901dbe20b3f91cb37e') in 0.073625 seconds
  Import took 0.108460 seconds .

========================================================================
Received Import Request.
  Time since last request: 0.019953 seconds.
  path: Assets/Scripts/PlayButton.cs
  artifactKey: Guid(091d88e193b2bf7408517281db51964b) Importer(815301076,1909f56bfc062723c751e8b465ee728b)
Start importing Assets/Scripts/PlayButton.cs using Guid(091d88e193b2bf7408517281db51964b) Importer(815301076,1909f56bfc062723c751e8b465ee728b)  -> (artifact id: '5aaf27e4f5a00c901dbe20b3f91cb37e') in 0.034344 seconds
  Import took 0.058063 seconds .

========================================================================
Received Prepare
Registering precompiled user dll's ...
Registered in 0.007232 seconds.
Begin MonoManager ReloadAssembly
Native extension for WindowsStandalone target not found
Refreshing native plugins compatible for Editor in 1.15 ms, found 1 plugins.
Preloading 0 native plugins for Editor in 0.00 ms.
Mono: successfully reloaded assembly
- Completed reload, in  7.458 seconds
Platform modules already initialized, skipping
Refreshing native plugins compatible for Editor in 3.99 ms, found 1 plugins.
Preloading 0 native plugins for Editor in 0.00 ms.
Unloading 1804 Unused Serialized files (Serialized files now loaded: 0)
System memory in use before: 89.0 MB.
System memory in use after: 89.0 MB.

Unloading 12 unused Assets to reduce memory usage. Loaded Objects now: 2332.
Total: 16.939900 ms (FindLiveObjects: 1.045800 ms CreateObjectMapping: 0.317300 ms MarkObjects: 15.225100 ms  DeleteObjects: 0.346000 ms)

========================================================================
Received Prepare
Registering precompiled user dll's ...
Registered in 0.016063 seconds.
Begin MonoManager ReloadAssembly
Native extension for WindowsStandalone target not found
Refreshing native plugins compatible for Editor in 1.11 ms, found 1 plugins.
Preloading 0 native plugins for Editor in 0.00 ms.
Mono: successfully reloaded assembly
- Completed reload, in  2.942 seconds
Platform modules already initialized, skipping
Refreshing native plugins compatible for Editor in 1.11 ms, found 1 plugins.
Preloading 0 native plugins for Editor in 0.00 ms.
Unloading 1804 Unused Serialized files (Serialized files now loaded: 0)
System memory in use before: 89.0 MB.
System memory in use after: 89.0 MB.

Unloading 12 unused Assets to reduce memory usage. Loaded Objects now: 2336.
Total: 7.809800 ms (FindLiveObjects: 1.022700 ms CreateObjectMapping: 0.203000 ms MarkObjects: 6.224500 ms  DeleteObjects: 0.353800 ms)

AssetImportWorkerClient::OnTransportError - code=2 error=End of file
