Using pre-set license
Built from '2020.3/staging' branch; Version is '2020.3.4f1 (0abb6314276a) revision 703331'; Using compiler version '192528614'; Build Type 'Release'
OS: 'Windows 10 Home; OS build 19042.985; Version 2009; 64bit' Language: 'en' Physical Memory: 7105 MB
BatchMode: 1, IsHumanControllingUs: 0, StartBugReporterOnCrash: 0, Is64bit: 1, IsPro: 0

 COMMAND LINE ARGUMENTS:
C:\Program Files\Unity\Hub\Editor\2020.3.4f1\Editor\Unity.exe
-adb2
-batchMode
-noUpm
-name
AssetImportWorker1
-projectPath
C:/Users/Lowe Family/Desktop/Richie/CODER's DELIGHT/Repositories/Pong-Wah/REAL Wah-Pong
-logFile
Logs/AssetImportWorker1.log
-srvPort
56673
Successfully changed project path to: C:/Users/Lowe Family/Desktop/Richie/CODER's DELIGHT/Repositories/Pong-Wah/REAL Wah-Pong
C:/Users/Lowe Family/Desktop/Richie/CODER's DELIGHT/Repositories/Pong-Wah/REAL Wah-Pong
Using Asset Import Pipeline V2.
