Using pre-set license
Built from '2020.3/staging' branch; Version is '2020.3.4f1 (0abb6314276a) revision 703331'; Using compiler version '192528614'; Build Type 'Release'
OS: 'Windows 10 Home; OS build 19042.1110; Version 2009; 64bit' Language: 'en' Physical Memory: 7105 MB
BatchMode: 1, IsHumanControllingUs: 0, StartBugReporterOnCrash: 0, Is64bit: 1, IsPro: 0

 COMMAND LINE ARGUMENTS:
C:\Program Files\Unity\Hub\Editor\2020.3.4f1\Editor\Unity.exe
-adb2
-batchMode
-noUpm
-name
AssetImportWorker0
-projectPath
C:/Users/Chrono/OneDrive/Documents/GitHub/Pong-Wah/REAL Wah-Pong
-logFile
Logs/AssetImportWorker0.log
-srvPort
62439
Successfully changed project path to: C:/Users/Chrono/OneDrive/Documents/GitHub/Pong-Wah/REAL Wah-Pong
C:/Users/Chrono/OneDrive/Documents/GitHub/Pong-Wah/REAL Wah-Pong
Using Asset Import Pipeline V2.
Refreshing native plugins compatible for Editor in 283.03 ms, found 1 plugins.
Preloading 0 native plugins for Editor in 0.00 ms.
Initialize engine version: 2020.3.4f1 (0abb6314276a)
[Subsystems] Discovering subsystems at path C:/Program Files/Unity/Hub/Editor/2020.3.4f1/Editor/Data/Resources/UnitySubsystems
[Subsystems] Discovering subsystems at path C:/Users/Chrono/OneDrive/Documents/GitHub/Pong-Wah/REAL Wah-Pong/Assets
GfxDevice: creating device client; threaded=0
Direct3D:
    Version:  Direct3D 11.0 [level 11.1]
    Renderer: AMD Radeon(TM) R5 Graphics (ID=0x9851)
    Vendor:   
    VRAM:     3552 MB
    Driver:   26.20.11028.0
Initialize mono
Mono path[0] = 'C:/Program Files/Unity/Hub/Editor/2020.3.4f1/Editor/Data/Managed'
Mono path[1] = 'C:/Program Files/Unity/Hub/Editor/2020.3.4f1/Editor/Data/MonoBleedingEdge/lib/mono/unityjit'
Mono config path = 'C:/Program Files/Unity/Hub/Editor/2020.3.4f1/Editor/Data/MonoBleedingEdge/etc'
Using monoOptions --debugger-agent=transport=dt_socket,embedding=1,server=y,suspend=n,address=127.0.0.1:56312
Begin MonoManager ReloadAssembly
Registering precompiled unity dll's ...
Register platform support module: C:/Program Files/Unity/Hub/Editor/2020.3.4f1/Editor/Data/PlaybackEngines/WindowsStandaloneSupport/UnityEditor.WindowsStandalone.Extensions.dll
Registered in 0.049186 seconds.
Native extension for WindowsStandalone target not found
Refreshing native plugins compatible for Editor in 186.34 ms, found 1 plugins.
Preloading 0 native plugins for Editor in 0.00 ms.
Mono: successfully reloaded assembly
- Completed reload, in 13.204 seconds
Platform modules already initialized, skipping
Registering precompiled user dll's ...
Registered in 0.009026 seconds.
Begin MonoManager ReloadAssembly
Native extension for WindowsStandalone target not found
Refreshing native plugins compatible for Editor in 321.88 ms, found 1 plugins.
Preloading 0 native plugins for Editor in 0.00 ms.
Mono: successfully reloaded assembly
- Completed reload, in  8.027 seconds
Platform modules already initialized, skipping
========================================================================
Worker process is ready to serve import requests
Launched and connected shader compiler UnityShaderCompiler.exe after 0.49 seconds
Refreshing native plugins compatible for Editor in 1.08 ms, found 1 plugins.
Preloading 0 native plugins for Editor in 0.00 ms.
Unloading 1814 Unused Serialized files (Serialized files now loaded: 0)
System memory in use before: 85.1 MB.
System memory in use after: 85.1 MB.

Unloading 19 unused Assets to reduce memory usage. Loaded Objects now: 2262.
Total: 7.175600 ms (FindLiveObjects: 0.892000 ms CreateObjectMapping: 0.164000 ms MarkObjects: 5.878300 ms  DeleteObjects: 0.236200 ms)

========================================================================
Received Import Request.
  path: Assets/SFX
  artifactKey: Guid(163b420b624a9394ebe9d13efe21a62f) Importer(815301076,1909f56bfc062723c751e8b465ee728b)
Start importing Assets/SFX using Guid(163b420b624a9394ebe9d13efe21a62f) Importer(815301076,1909f56bfc062723c751e8b465ee728b)  -> (artifact id: '4b0b9b0a465da1d2f587ecb396695156') in 0.036644 seconds
  Import took 0.054902 seconds .

========================================================================
Received Import Request.
  Time since last request: 48.966587 seconds.
  path: Assets/SFX/ping_pong_8bit_beeep.ogg
  artifactKey: Guid(abedabca601d982488c74a15325fdf83) Importer(815301076,1909f56bfc062723c751e8b465ee728b)
Start importing Assets/SFX/ping_pong_8bit_beeep.ogg using Guid(abedabca601d982488c74a15325fdf83) Importer(815301076,1909f56bfc062723c751e8b465ee728b)  -> (artifact id: '2289e9ab1d41bd14942739473c1b59a2') in 1.052260 seconds
  Import took 1.073809 seconds .

========================================================================
Received Import Request.
  Time since last request: 0.540020 seconds.
  path: Assets/SFX/ping_pong_8bit_beeep.ogg
  artifactKey: Guid(abedabca601d982488c74a15325fdf83) Importer(815301076,1909f56bfc062723c751e8b465ee728b)
Start importing Assets/SFX/ping_pong_8bit_beeep.ogg using Guid(abedabca601d982488c74a15325fdf83) Importer(815301076,1909f56bfc062723c751e8b465ee728b)  -> (artifact id: '2289e9ab1d41bd14942739473c1b59a2') in 0.036041 seconds
  Import took 0.047071 seconds .

========================================================================
Received Import Request.
  Time since last request: 24.176265 seconds.
  path: Assets/SFX/Normal Racket Sound.ogg
  artifactKey: Guid(abedabca601d982488c74a15325fdf83) Importer(815301076,1909f56bfc062723c751e8b465ee728b)
Start importing Assets/SFX/Normal Racket Sound.ogg using Guid(abedabca601d982488c74a15325fdf83) Importer(815301076,1909f56bfc062723c751e8b465ee728b)  -> (artifact id: '1868d653e823b8f397d5c2e5ce8e4be9') in 0.223347 seconds
  Import took 0.234270 seconds .

========================================================================
Received Import Request.
  Time since last request: 18.776910 seconds.
  path: Assets/SFX/ping_pong_8bit_peeeeeep.ogg
  artifactKey: Guid(399c14541b72770488fba01f4d5bc768) Importer(815301076,1909f56bfc062723c751e8b465ee728b)
Start importing Assets/SFX/ping_pong_8bit_peeeeeep.ogg using Guid(399c14541b72770488fba01f4d5bc768) Importer(815301076,1909f56bfc062723c751e8b465ee728b)  -> (artifact id: '0c34669cefc03e73519a26380e6c393e') in 0.094747 seconds
  Import took 0.111812 seconds .

========================================================================
Received Import Request.
  Time since last request: 16.216455 seconds.
  path: Assets/SFX/High Racket Sound.ogg
  artifactKey: Guid(399c14541b72770488fba01f4d5bc768) Importer(815301076,1909f56bfc062723c751e8b465ee728b)
Start importing Assets/SFX/High Racket Sound.ogg using Guid(399c14541b72770488fba01f4d5bc768) Importer(815301076,1909f56bfc062723c751e8b465ee728b)  -> (artifact id: '96fc53593359b0235270f7760385f0df') in 0.175755 seconds
  Import took 0.669086 seconds .

========================================================================
Received Import Request.
  Time since last request: 25.797236 seconds.
  path: Assets/SFX/ping_pong_8bit_plop.ogg
  artifactKey: Guid(03f19a023fa6c544da784fb1314f6d3b) Importer(815301076,1909f56bfc062723c751e8b465ee728b)
Start importing Assets/SFX/ping_pong_8bit_plop.ogg using Guid(03f19a023fa6c544da784fb1314f6d3b) Importer(815301076,1909f56bfc062723c751e8b465ee728b)  -> (artifact id: 'ddfe348ff657831fad74aa6ab67f4168') in 0.072827 seconds
  Import took 0.088988 seconds .

========================================================================
Received Import Request.
  Time since last request: 18.973666 seconds.
  path: Assets/SFX/Low Pong Sound.ogg
  artifactKey: Guid(03f19a023fa6c544da784fb1314f6d3b) Importer(815301076,1909f56bfc062723c751e8b465ee728b)
Start importing Assets/SFX/Low Pong Sound.ogg using Guid(03f19a023fa6c544da784fb1314f6d3b) Importer(815301076,1909f56bfc062723c751e8b465ee728b)  -> (artifact id: '9101cd6f7705c58c3d0a0e74b1119dcc') in 0.138138 seconds
  Import took 0.153541 seconds .

========================================================================
Received Prepare
Registering precompiled user dll's ...
Registered in 0.011941 seconds.
Begin MonoManager ReloadAssembly
Native extension for WindowsStandalone target not found
Refreshing native plugins compatible for Editor in 1.23 ms, found 1 plugins.
Preloading 0 native plugins for Editor in 0.00 ms.
Mono: successfully reloaded assembly
- Completed reload, in  5.719 seconds
Platform modules already initialized, skipping
Refreshing native plugins compatible for Editor in 1.11 ms, found 1 plugins.
Preloading 0 native plugins for Editor in 0.00 ms.
Unloading 1804 Unused Serialized files (Serialized files now loaded: 0)
System memory in use before: 87.6 MB.
System memory in use after: 87.8 MB.

Unloading 7 unused Assets to reduce memory usage. Loaded Objects now: 2275.
Total: 19.425900 ms (FindLiveObjects: 3.243700 ms CreateObjectMapping: 1.731100 ms MarkObjects: 13.495700 ms  DeleteObjects: 0.940500 ms)

========================================================================
Received Import Request.
  Time since last request: 1028.676892 seconds.
  path: Assets/Scripts
  artifactKey: Guid(6fb3139b124060d4891551985f936cec) Importer(815301076,1909f56bfc062723c751e8b465ee728b)
Start importing Assets/Scripts using Guid(6fb3139b124060d4891551985f936cec) Importer(815301076,1909f56bfc062723c751e8b465ee728b)  -> (artifact id: '711e76a5fe01be6cee723badda6e526b') in 0.099121 seconds
  Import took 0.200173 seconds .

========================================================================
Received Import Request.
  Time since last request: 3.709354 seconds.
  path: Assets/Scripts
  artifactKey: Guid(6fb3139b124060d4891551985f936cec) Importer(815301076,1909f56bfc062723c751e8b465ee728b)
Start importing Assets/Scripts using Guid(6fb3139b124060d4891551985f936cec) Importer(815301076,1909f56bfc062723c751e8b465ee728b)  -> (artifact id: '711e76a5fe01be6cee723badda6e526b') in 0.111503 seconds
  Import took 0.256544 seconds .

========================================================================
Received Import Request.
  Time since last request: 12.263170 seconds.
  path: Assets/Scripts/SoundController.cs
  artifactKey: Guid(3c5037048fdbeb94d817b24fa8d51350) Importer(815301076,1909f56bfc062723c751e8b465ee728b)
Start importing Assets/Scripts/SoundController.cs using Guid(3c5037048fdbeb94d817b24fa8d51350) Importer(815301076,1909f56bfc062723c751e8b465ee728b)  -> (artifact id: '3b7a6cc7e17bc2612973300b42041c87') in 0.263011 seconds
  Import took 0.309313 seconds .

========================================================================
Received Prepare
Registering precompiled user dll's ...
Registered in 0.023022 seconds.
Begin MonoManager ReloadAssembly
Native extension for WindowsStandalone target not found
Refreshing native plugins compatible for Editor in 1.12 ms, found 1 plugins.
Preloading 0 native plugins for Editor in 0.00 ms.
Mono: successfully reloaded assembly
- Completed reload, in  4.323 seconds
Platform modules already initialized, skipping
Refreshing native plugins compatible for Editor in 0.98 ms, found 1 plugins.
Preloading 0 native plugins for Editor in 0.00 ms.
Unloading 1805 Unused Serialized files (Serialized files now loaded: 0)
System memory in use before: 87.7 MB.
System memory in use after: 87.8 MB.

Unloading 7 unused Assets to reduce memory usage. Loaded Objects now: 2280.
Total: 37.153600 ms (FindLiveObjects: 7.642700 ms CreateObjectMapping: 0.946900 ms MarkObjects: 28.431900 ms  DeleteObjects: 0.124700 ms)

========================================================================
Received Import Request.
  Time since last request: 863.974319 seconds.
  path: Assets/SFX/HighRacketSound.ogg
  artifactKey: Guid(399c14541b72770488fba01f4d5bc768) Importer(815301076,1909f56bfc062723c751e8b465ee728b)
Start importing Assets/SFX/HighRacketSound.ogg using Guid(399c14541b72770488fba01f4d5bc768) Importer(815301076,1909f56bfc062723c751e8b465ee728b)  -> (artifact id: 'd605235106663739ba826e750b53e989') in 0.242999 seconds
  Import took 0.260464 seconds .

========================================================================
Received Import Request.
  Time since last request: 8.619492 seconds.
  path: Assets/SFX/LowPongSound.ogg
  artifactKey: Guid(03f19a023fa6c544da784fb1314f6d3b) Importer(815301076,1909f56bfc062723c751e8b465ee728b)
Start importing Assets/SFX/LowPongSound.ogg using Guid(03f19a023fa6c544da784fb1314f6d3b) Importer(815301076,1909f56bfc062723c751e8b465ee728b)  -> (artifact id: '7feaa2afad0a1cf22af3ce15626cd9f7') in 0.148445 seconds
  Import took 0.184635 seconds .

========================================================================
Received Import Request.
  Time since last request: 11.774617 seconds.
  path: Assets/SFX/NormalRacketSound.ogg
  artifactKey: Guid(abedabca601d982488c74a15325fdf83) Importer(815301076,1909f56bfc062723c751e8b465ee728b)
Start importing Assets/SFX/NormalRacketSound.ogg using Guid(abedabca601d982488c74a15325fdf83) Importer(815301076,1909f56bfc062723c751e8b465ee728b)  -> (artifact id: '198e05950d35be92dc837061daf4ed3a') in 0.283615 seconds
  Import took 0.399924 seconds .

========================================================================
Received Prepare
Registering precompiled user dll's ...
Registered in 0.006207 seconds.
Begin MonoManager ReloadAssembly
Native extension for WindowsStandalone target not found
Refreshing native plugins compatible for Editor in 18.16 ms, found 1 plugins.
Preloading 0 native plugins for Editor in 0.00 ms.
Mono: successfully reloaded assembly
- Completed reload, in  6.478 seconds
Platform modules already initialized, skipping
Refreshing native plugins compatible for Editor in 1.54 ms, found 1 plugins.
Preloading 0 native plugins for Editor in 0.00 ms.
Unloading 1805 Unused Serialized files (Serialized files now loaded: 0)
System memory in use before: 87.7 MB.
System memory in use after: 87.8 MB.

Unloading 7 unused Assets to reduce memory usage. Loaded Objects now: 2285.
Total: 9.063600 ms (FindLiveObjects: 2.466200 ms CreateObjectMapping: 0.279800 ms MarkObjects: 6.249200 ms  DeleteObjects: 0.061900 ms)

========================================================================
Received Prepare
Registering precompiled user dll's ...
Registered in 0.008915 seconds.
Begin MonoManager ReloadAssembly
Native extension for WindowsStandalone target not found
Refreshing native plugins compatible for Editor in 7.61 ms, found 1 plugins.
Preloading 0 native plugins for Editor in 0.00 ms.
Mono: successfully reloaded assembly
- Completed reload, in  9.912 seconds
Platform modules already initialized, skipping
Refreshing native plugins compatible for Editor in 1.33 ms, found 1 plugins.
Preloading 0 native plugins for Editor in 0.00 ms.
Unloading 1805 Unused Serialized files (Serialized files now loaded: 0)
System memory in use before: 87.7 MB.
System memory in use after: 87.9 MB.

Unloading 7 unused Assets to reduce memory usage. Loaded Objects now: 2289.
Total: 53.793300 ms (FindLiveObjects: 7.198100 ms CreateObjectMapping: 0.359800 ms MarkObjects: 46.162900 ms  DeleteObjects: 0.066400 ms)

========================================================================
Received Prepare
Registering precompiled user dll's ...
Registered in 0.021693 seconds.
Begin MonoManager ReloadAssembly
Native extension for WindowsStandalone target not found
Refreshing native plugins compatible for Editor in 1.34 ms, found 1 plugins.
Preloading 0 native plugins for Editor in 0.00 ms.
Mono: successfully reloaded assembly
- Completed reload, in  4.213 seconds
Platform modules already initialized, skipping
Refreshing native plugins compatible for Editor in 1.24 ms, found 1 plugins.
Preloading 0 native plugins for Editor in 0.00 ms.
Unloading 1805 Unused Serialized files (Serialized files now loaded: 0)
System memory in use before: 87.8 MB.
System memory in use after: 87.9 MB.

Unloading 7 unused Assets to reduce memory usage. Loaded Objects now: 2293.
Total: 7.687700 ms (FindLiveObjects: 0.777000 ms CreateObjectMapping: 0.184100 ms MarkObjects: 6.643800 ms  DeleteObjects: 0.077600 ms)

========================================================================
Received Import Request.
  Time since last request: 2855.657771 seconds.
  path: Assets/Scripts/SoundController.cs
  artifactKey: Guid(3c5037048fdbeb94d817b24fa8d51350) Importer(815301076,1909f56bfc062723c751e8b465ee728b)
Start importing Assets/Scripts/SoundController.cs using Guid(3c5037048fdbeb94d817b24fa8d51350) Importer(815301076,1909f56bfc062723c751e8b465ee728b)  -> (artifact id: '1e2fd323f2603e8c597378115aa46b3c') in 0.144414 seconds
  Import took 0.188795 seconds .

========================================================================
Received Prepare
Registering precompiled user dll's ...
Registered in 0.012425 seconds.
Begin MonoManager ReloadAssembly
Native extension for WindowsStandalone target not found
Refreshing native plugins compatible for Editor in 1.08 ms, found 1 plugins.
Preloading 0 native plugins for Editor in 0.00 ms.
Mono: successfully reloaded assembly
- Completed reload, in  5.263 seconds
Platform modules already initialized, skipping
Refreshing native plugins compatible for Editor in 1.64 ms, found 1 plugins.
Preloading 0 native plugins for Editor in 0.00 ms.
Unloading 1805 Unused Serialized files (Serialized files now loaded: 0)
System memory in use before: 87.8 MB.
System memory in use after: 87.9 MB.

Unloading 7 unused Assets to reduce memory usage. Loaded Objects now: 2297.
Total: 12.645900 ms (FindLiveObjects: 3.162300 ms CreateObjectMapping: 1.192300 ms MarkObjects: 8.196000 ms  DeleteObjects: 0.088100 ms)

========================================================================
Received Prepare
Registering precompiled user dll's ...
Registered in 0.005438 seconds.
Begin MonoManager ReloadAssembly
Native extension for WindowsStandalone target not found
Refreshing native plugins compatible for Editor in 1.04 ms, found 1 plugins.
Preloading 0 native plugins for Editor in 0.00 ms.
Mono: successfully reloaded assembly
- Completed reload, in  4.075 seconds
Platform modules already initialized, skipping
Refreshing native plugins compatible for Editor in 1.11 ms, found 1 plugins.
Preloading 0 native plugins for Editor in 0.00 ms.
Unloading 1805 Unused Serialized files (Serialized files now loaded: 0)
System memory in use before: 87.8 MB.
System memory in use after: 87.9 MB.

Unloading 7 unused Assets to reduce memory usage. Loaded Objects now: 2301.
Total: 6.959000 ms (FindLiveObjects: 0.741700 ms CreateObjectMapping: 0.170000 ms MarkObjects: 5.986900 ms  DeleteObjects: 0.056000 ms)

AssetImportWorkerClient::OnTransportError - code=2 error=End of file
