Using pre-set license
Built from '2020.3/staging' branch; Version is '2020.3.4f1 (0abb6314276a) revision 703331'; Using compiler version '192528614'; Build Type 'Release'
OS: 'Windows 10 Home; OS build 19042.985; Version 2009; 64bit' Language: 'en' Physical Memory: 7105 MB
BatchMode: 1, IsHumanControllingUs: 0, StartBugReporterOnCrash: 0, Is64bit: 1, IsPro: 0

 COMMAND LINE ARGUMENTS:
C:\Program Files\Unity\Hub\Editor\2020.3.4f1\Editor\Unity.exe
-adb2
-batchMode
-noUpm
-name
AssetImportWorker1
-projectPath
C:/Users/Lowe Family/Desktop/Richie/CODER's DELIGHT/Repositories/Pong-Wah/REAL Wah-Pong
-logFile
Logs/AssetImportWorker1.log
-srvPort
50761
Successfully changed project path to: C:/Users/Lowe Family/Desktop/Richie/CODER's DELIGHT/Repositories/Pong-Wah/REAL Wah-Pong
C:/Users/Lowe Family/Desktop/Richie/CODER's DELIGHT/Repositories/Pong-Wah/REAL Wah-Pong
Using Asset Import Pipeline V2.
Refreshing native plugins compatible for Editor in 247.80 ms, found 1 plugins.
Preloading 0 native plugins for Editor in 0.00 ms.
Initialize engine version: 2020.3.4f1 (0abb6314276a)
[Subsystems] Discovering subsystems at path C:/Program Files/Unity/Hub/Editor/2020.3.4f1/Editor/Data/Resources/UnitySubsystems
[Subsystems] Discovering subsystems at path C:/Users/Lowe Family/Desktop/Richie/CODER's DELIGHT/Repositories/Pong-Wah/REAL Wah-Pong/Assets
GfxDevice: creating device client; threaded=0
Direct3D:
    Version:  Direct3D 11.0 [level 11.1]
    Renderer: AMD Radeon(TM) R5 Graphics (ID=0x9851)
    Vendor:   
    VRAM:     3552 MB
    Driver:   23.20.15016.15
Initialize mono
Mono path[0] = 'C:/Program Files/Unity/Hub/Editor/2020.3.4f1/Editor/Data/Managed'
Mono path[1] = 'C:/Program Files/Unity/Hub/Editor/2020.3.4f1/Editor/Data/MonoBleedingEdge/lib/mono/unityjit'
Mono config path = 'C:/Program Files/Unity/Hub/Editor/2020.3.4f1/Editor/Data/MonoBleedingEdge/etc'
Using monoOptions --debugger-agent=transport=dt_socket,embedding=1,server=y,suspend=n,address=127.0.0.1:56792
Begin MonoManager ReloadAssembly
Registering precompiled unity dll's ...
Register platform support module: C:/Program Files/Unity/Hub/Editor/2020.3.4f1/Editor/Data/PlaybackEngines/WindowsStandaloneSupport/UnityEditor.WindowsStandalone.Extensions.dll
Registered in 0.008348 seconds.
Native extension for WindowsStandalone target not found
Refreshing native plugins compatible for Editor in 167.12 ms, found 1 plugins.
Preloading 0 native plugins for Editor in 0.00 ms.
Mono: successfully reloaded assembly
- Completed reload, in  4.885 seconds
Platform modules already initialized, skipping
Registering precompiled user dll's ...
Registered in 0.006053 seconds.
Begin MonoManager ReloadAssembly
Native extension for WindowsStandalone target not found
Refreshing native plugins compatible for Editor in 190.62 ms, found 1 plugins.
Preloading 0 native plugins for Editor in 0.00 ms.
Mono: successfully reloaded assembly
- Completed reload, in  5.082 seconds
Platform modules already initialized, skipping
========================================================================
Worker process is ready to serve import requests
Launched and connected shader compiler UnityShaderCompiler.exe after 0.35 seconds
Refreshing native plugins compatible for Editor in 0.98 ms, found 1 plugins.
Preloading 0 native plugins for Editor in 0.00 ms.
Unloading 1809 Unused Serialized files (Serialized files now loaded: 0)
System memory in use before: 85.6 MB.
System memory in use after: 85.5 MB.

Unloading 24 unused Assets to reduce memory usage. Loaded Objects now: 2252.
Total: 10.599600 ms (FindLiveObjects: 3.288300 ms CreateObjectMapping: 0.454400 ms MarkObjects: 6.426500 ms  DeleteObjects: 0.419600 ms)

========================================================================
Received Import Request.
  path: Assets/Scenes/Game.unity
  artifactKey: Guid(7a6dd8adc57bfae4a99472e7bd07550d) Importer(815301076,1909f56bfc062723c751e8b465ee728b)
Start importing Assets/Scenes/Game.unity using Guid(7a6dd8adc57bfae4a99472e7bd07550d) Importer(815301076,1909f56bfc062723c751e8b465ee728b)  -> (artifact id: 'e50965ee2e225848e822f67db00f6b34') in 0.050428 seconds
  Import took 0.106474 seconds .

========================================================================
Received Prepare
Registering precompiled user dll's ...
Registered in 0.008892 seconds.
Begin MonoManager ReloadAssembly
Native extension for WindowsStandalone target not found
Refreshing native plugins compatible for Editor in 1.02 ms, found 1 plugins.
Preloading 0 native plugins for Editor in 0.00 ms.
Mono: successfully reloaded assembly
- Completed reload, in  8.178 seconds
Platform modules already initialized, skipping
Refreshing native plugins compatible for Editor in 1.06 ms, found 1 plugins.
Preloading 0 native plugins for Editor in 0.00 ms.
Unloading 1804 Unused Serialized files (Serialized files now loaded: 0)
System memory in use before: 85.5 MB.
System memory in use after: 85.5 MB.

Unloading 12 unused Assets to reduce memory usage. Loaded Objects now: 2256.
Total: 9.604500 ms (FindLiveObjects: 0.936600 ms CreateObjectMapping: 0.254400 ms MarkObjects: 8.066200 ms  DeleteObjects: 0.342100 ms)

========================================================================
Received Import Request.
  Time since last request: 629.635026 seconds.
  path: Assets/Scripts/PlayButton.cs
  artifactKey: Guid(091d88e193b2bf7408517281db51964b) Importer(815301076,1909f56bfc062723c751e8b465ee728b)
Start importing Assets/Scripts/PlayButton.cs using Guid(091d88e193b2bf7408517281db51964b) Importer(815301076,1909f56bfc062723c751e8b465ee728b)  -> (artifact id: '6e95d8df6b7074a300b7dd6ea1956256') in 0.354258 seconds
  Import took 0.380362 seconds .

========================================================================
Received Prepare
Registering precompiled user dll's ...
Registered in 0.008559 seconds.
Begin MonoManager ReloadAssembly
Native extension for WindowsStandalone target not found
Refreshing native plugins compatible for Editor in 5.78 ms, found 1 plugins.
Preloading 0 native plugins for Editor in 0.00 ms.
Mono: successfully reloaded assembly
- Completed reload, in  5.782 seconds
Platform modules already initialized, skipping
Refreshing native plugins compatible for Editor in 4.66 ms, found 1 plugins.
Preloading 0 native plugins for Editor in 0.00 ms.
Unloading 1804 Unused Serialized files (Serialized files now loaded: 0)
System memory in use before: 85.6 MB.
System memory in use after: 85.6 MB.

Unloading 12 unused Assets to reduce memory usage. Loaded Objects now: 2260.
Total: 9.824000 ms (FindLiveObjects: 0.834500 ms CreateObjectMapping: 0.294900 ms MarkObjects: 8.380600 ms  DeleteObjects: 0.309100 ms)

========================================================================
Received Prepare
Refreshing native plugins compatible for Editor in 18.52 ms, found 1 plugins.
Preloading 0 native plugins for Editor in 0.00 ms.
Unloading 10 Unused Serialized files (Serialized files now loaded: 0)
System memory in use before: 49.5 MB.
System memory in use after: 49.5 MB.

Unloading 10 unused Assets to reduce memory usage. Loaded Objects now: 2260.
Total: 9.510300 ms (FindLiveObjects: 1.245700 ms CreateObjectMapping: 0.449400 ms MarkObjects: 7.454300 ms  DeleteObjects: 0.354900 ms)

========================================================================
Received Prepare
Registering precompiled user dll's ...
Registered in 0.004243 seconds.
Begin MonoManager ReloadAssembly
Native extension for WindowsStandalone target not found
Refreshing native plugins compatible for Editor in 1.05 ms, found 1 plugins.
Preloading 0 native plugins for Editor in 0.00 ms.
Mono: successfully reloaded assembly
- Completed reload, in  7.079 seconds
Platform modules already initialized, skipping
Refreshing native plugins compatible for Editor in 8.69 ms, found 1 plugins.
Preloading 0 native plugins for Editor in 0.00 ms.
Unloading 1804 Unused Serialized files (Serialized files now loaded: 0)
System memory in use before: 85.6 MB.
System memory in use after: 85.6 MB.

Unloading 12 unused Assets to reduce memory usage. Loaded Objects now: 2264.
Total: 24.417800 ms (FindLiveObjects: 12.082900 ms CreateObjectMapping: 0.500600 ms MarkObjects: 11.471500 ms  DeleteObjects: 0.357900 ms)

========================================================================
Received Import Request.
  Time since last request: 688.773762 seconds.
  path: Packages/com.unity.2d.spriteshape/Editor/ObjectMenuCreation/DefaultAssets/Sprite Shapes/Closed Sprite Shape.prefab
  artifactKey: Guid(c0583b4e855c74b8c82e7b9b5efb5ce9) Importer(815301076,1909f56bfc062723c751e8b465ee728b)
Start importing Packages/com.unity.2d.spriteshape/Editor/ObjectMenuCreation/DefaultAssets/Sprite Shapes/Closed Sprite Shape.prefab using Guid(c0583b4e855c74b8c82e7b9b5efb5ce9) Importer(815301076,1909f56bfc062723c751e8b465ee728b)  -> (artifact id: '4c0850c6ba4f5606e2515265b139754d') in 0.538793 seconds
  Import took 0.570313 seconds .

========================================================================
Received Import Request.
  Time since last request: 0.002482 seconds.
  path: Packages/com.unity.2d.spriteshape/Editor/ObjectMenuCreation/DefaultAssets/Sprite Shapes/Open Sprite Shape.prefab
  artifactKey: Guid(86ae7de409eb54f619fb1328e4d42480) Importer(815301076,1909f56bfc062723c751e8b465ee728b)
Start importing Packages/com.unity.2d.spriteshape/Editor/ObjectMenuCreation/DefaultAssets/Sprite Shapes/Open Sprite Shape.prefab using Guid(86ae7de409eb54f619fb1328e4d42480) Importer(815301076,1909f56bfc062723c751e8b465ee728b)  -> (artifact id: '6cf2b7927b2bd8d826e045191b0c9a79') in 0.053569 seconds
  Import took 0.090654 seconds .

========================================================================
Received Import Request.
  Time since last request: 4.517228 seconds.
  path: Assets/Scenes/SampleScene.unity
  artifactKey: Guid(2cda990e2423bbf4892e6590ba056729) Importer(815301076,1909f56bfc062723c751e8b465ee728b)
Start importing Assets/Scenes/SampleScene.unity using Guid(2cda990e2423bbf4892e6590ba056729) Importer(815301076,1909f56bfc062723c751e8b465ee728b)  -> (artifact id: '55d65d5fff917f2d1ced4e7ecabd3689') in 0.045143 seconds
  Import took 0.079614 seconds .

========================================================================
Received Import Request.
  Time since last request: 0.023226 seconds.
  path: Assets/Scenes/SampleScene.unity
  artifactKey: Guid(2cda990e2423bbf4892e6590ba056729) Importer(815301076,1909f56bfc062723c751e8b465ee728b)
Start importing Assets/Scenes/SampleScene.unity using Guid(2cda990e2423bbf4892e6590ba056729) Importer(815301076,1909f56bfc062723c751e8b465ee728b)  -> (artifact id: '55d65d5fff917f2d1ced4e7ecabd3689') in 0.013528 seconds
  Import took 0.021494 seconds .

========================================================================
Received Import Request.
  Time since last request: 68.716140 seconds.
  path: Assets/Main Menu.unity
  artifactKey: Guid(1686faef5ea33dd428eaf92d31951e5a) Importer(815301076,1909f56bfc062723c751e8b465ee728b)
Start importing Assets/Main Menu.unity using Guid(1686faef5ea33dd428eaf92d31951e5a) Importer(815301076,1909f56bfc062723c751e8b465ee728b)  -> (artifact id: 'bf33feca675f14550468348bc254fa2a') in 0.154164 seconds
  Import took 0.243255 seconds .

========================================================================
Received Import Request.
  Time since last request: 161.049750 seconds.
  path: Assets/Main Camera.prefab
  artifactKey: Guid(0521e59a8753e3e4eb9de25073ccb7f0) Importer(815301076,1909f56bfc062723c751e8b465ee728b)
Start importing Assets/Main Camera.prefab using Guid(0521e59a8753e3e4eb9de25073ccb7f0) Importer(815301076,1909f56bfc062723c751e8b465ee728b)  -> (artifact id: 'a1701f15489e77822741e78ac233fa70') in 5.381240 seconds
  Import took 5.458174 seconds .

========================================================================
Received Import Request.
  Time since last request: 42.920677 seconds.
  path: Assets/Prefabs
  artifactKey: Guid(017c042c37b5acb41968b23b600057a0) Importer(815301076,1909f56bfc062723c751e8b465ee728b)
Start importing Assets/Prefabs using Guid(017c042c37b5acb41968b23b600057a0) Importer(815301076,1909f56bfc062723c751e8b465ee728b)  -> (artifact id: '38f269c326dbf261a3607ebf5d394ff3') in 0.039312 seconds
  Import took 0.049172 seconds .

========================================================================
Received Import Request.
  Time since last request: 70.319493 seconds.
  path: Assets/Fonts
  artifactKey: Guid(20fae00eb89e61a45b828faf55cbbc43) Importer(815301076,1909f56bfc062723c751e8b465ee728b)
Start importing Assets/Fonts using Guid(20fae00eb89e61a45b828faf55cbbc43) Importer(815301076,1909f56bfc062723c751e8b465ee728b)  -> (artifact id: '40ab8271e114f08f367fd3c42a045b29') in 0.059527 seconds
  Import took 0.100156 seconds .

========================================================================
Received Import Request.
  Time since last request: 1848.335131 seconds.
  path: Assets/Materials
  artifactKey: Guid(347041a9197a4db47a0294a21a135098) Importer(815301076,1909f56bfc062723c751e8b465ee728b)
Start importing Assets/Materials using Guid(347041a9197a4db47a0294a21a135098) Importer(815301076,1909f56bfc062723c751e8b465ee728b)  -> (artifact id: '668cfe960a4f8fddb5e0eff64a650a09') in 0.028492 seconds
  Import took 0.042054 seconds .

========================================================================
Received Import Request.
  Time since last request: 0.001595 seconds.
  path: Assets/Materials
  artifactKey: Guid(347041a9197a4db47a0294a21a135098) Importer(815301076,1909f56bfc062723c751e8b465ee728b)
Start importing Assets/Materials using Guid(347041a9197a4db47a0294a21a135098) Importer(815301076,1909f56bfc062723c751e8b465ee728b)  -> (artifact id: '668cfe960a4f8fddb5e0eff64a650a09') in 0.014953 seconds
  Import took 0.042445 seconds .

========================================================================
Received Import Request.
  Time since last request: 14.575677 seconds.
  path: Assets/Materials/White.mat
  artifactKey: Guid(2a1d2edc34012cc40871ee737eeb438f) Importer(815301076,1909f56bfc062723c751e8b465ee728b)
Start importing Assets/Materials/White.mat using Guid(2a1d2edc34012cc40871ee737eeb438f) Importer(815301076,1909f56bfc062723c751e8b465ee728b)  -> (artifact id: '72581535078248a0de6eba6fb166dc2c') in 0.501774 seconds
  Import took 0.512238 seconds .

